# JRE version: OpenJDK Runtime Environment GraalVM CE 22.3.0 (17.0.5+8) (build 17.0.5+8-jvmci-22.3-b08)
# Java VM: OpenJDK 64-Bit Server VM GraalVM CE 22.3.0 (17.0.5+8-jvmci-22.3-b08, mixed mode, sharing, tiered, jvmci, jvmci compiler, compressed oops, compressed class ptrs, parallel gc, linux-amd64)
GC Precious Log:
 CPUs: 8 total, 1 available
 Memory: 1024M
 Large Page Support: Disabled
 NUMA Support: Disabled
 Compressed Oops: Enabled (32-bit)
 Alignments: Space 512K, Generation 512K, Heap 2M
 Heap Min Capacity: 100M
 Heap Initial Capacity: 100M
 Heap Max Capacity: 512M
 Pre-touch: Disabled
 Parallel Workers: 1
Heap:
 PSYoungGen      total 45568K, used 26111K [0x00000000f5580000, 0x00000000f9980000, 0x0000000100000000)
  eden space 26112K, 99% used [0x00000000f5580000,0x00000000f6effff8,0x00000000f6f00000)
  from space 19456K, 0% used [0x00000000f8680000,0x00000000f8680000,0x00000000f9980000)
  to   space 9728K, 0% used [0x00000000f6f00000,0x00000000f6f00000,0x00000000f7880000)
 ParOldGen       total 349696K, used 349695K [0x00000000e0000000, 0x00000000f5580000, 0x00000000f5580000)
  object space 349696K, 99% used [0x00000000e0000000,0x00000000f557fff8,0x00000000f5580000)
 Metaspace       used 58706K, committed 59776K, reserved 1105920K
  class space    used 5449K, committed 5888K, reserved 1048576K
GC Heap History (20 events):
Event: 1931.653 GC heap before
{Heap before GC invocations=1472 (full 1356):
 PSYoungGen      total 45568K, used 26111K [0x00000000f5580000, 0x00000000f9980000, 0x0000000100000000)
  eden space 26112K, 99% used [0x00000000f5580000,0x00000000f6effff0,0x00000000f6f00000)
  from space 19456K, 0% used [0x00000000f8680000,0x00000000f8680000,0x00000000f9980000)
  to   space 9728K, 0% used [0x00000000f6f00000,0x00000000f6f00000,0x00000000f7880000)
 ParOldGen       total 349696K, used 349695K [0x00000000e0000000, 0x00000000f5580000, 0x00000000f5580000)
  object space 349696K, 99% used [0x00000000e0000000,0x00000000f557fed0,0x00000000f5580000)
 Metaspace       used 58706K, committed 59776K, reserved 1105920K
  class space    used 5449K, committed 5888K, reserved 1048576K
}
Event: 1932.727 GC heap after
{Heap after GC invocations=1472 (full 1356):
 PSYoungGen      total 35840K, used 26111K [0x00000000f5580000, 0x00000000f9980000, 0x0000000100000000)
  eden space 26112K, 99% used [0x00000000f5580000,0x00000000f6effc50,0x00000000f6f00000)
  from space 9728K, 0% used [0x00000000f6f00000,0x00000000f6f00000,0x00000000f7880000)
  to   space 19456K, 0% used [0x00000000f8680000,0x00000000f8680000,0x00000000f9980000)
 ParOldGen       total 349696K, used 349695K [0x00000000e0000000, 0x00000000f5580000, 0x00000000f5580000)
  object space 349696K, 99% used [0x00000000e0000000,0x00000000f557fed0,0x00000000f5580000)
 Metaspace       used 58706K, committed 59776K, reserved 1105920K
  class space    used 5449K, committed 5888K, reserved 1048576K
}
Event: 1932.727 GC heap before
{Heap before GC invocations=1473 (full 1357):
 PSYoungGen      total 35840K, used 26111K [0x00000000f5580000, 0x00000000f9980000, 0x0000000100000000)
  eden space 26112K, 99% used [0x00000000f5580000,0x00000000f6effff8,0x00000000f6f00000)
  from space 9728K, 0% used [0x00000000f6f00000,0x00000000f6f00000,0x00000000f7880000)
  to   space 19456K, 0% used [0x00000000f8680000,0x00000000f8680000,0x00000000f9980000)
 ParOldGen       total 349696K, used 349695K [0x00000000e0000000, 0x00000000f5580000, 0x00000000f5580000)
  object space 349696K, 99% used [0x00000000e0000000,0x00000000f557fed0,0x00000000f5580000)
 Metaspace       used 58706K, committed 59776K, reserved 1105920K
  class space    used 5449K, committed 5888K, reserved 1048576K
}
Event: 1933.761 GC heap after
{Heap after GC invocations=1473 (full 1357):
 PSYoungGen      total 45568K, used 26111K [0x00000000f5580000, 0x00000000f9980000, 0x0000000100000000)
  eden space 26112K, 99% used [0x00000000f5580000,0x00000000f6effea8,0x00000000f6f00000)
  from space 19456K, 0% used [0x00000000f8680000,0x00000000f8680000,0x00000000f9980000)
  to   space 9728K, 0% used [0x00000000f6f00000,0x00000000f6f00000,0x00000000f7880000)
 ParOldGen       total 349696K, used 349695K [0x00000000e0000000, 0x00000000f5580000, 0x00000000f5580000)
  object space 349696K, 99% used [0x00000000e0000000,0x00000000f557fed0,0x00000000f5580000)
 Metaspace       used 58706K, committed 59776K, reserved 1105920K
  class space    used 5449K, committed 5888K, reserved 1048576K
}
Event: 1933.761 GC heap before
{Heap before GC invocations=1474 (full 1358):
 PSYoungGen      total 45568K, used 26111K [0x00000000f5580000, 0x00000000f9980000, 0x0000000100000000)
  eden space 26112K, 99% used [0x00000000f5580000,0x00000000f6effff8,0x00000000f6f00000)
  from space 19456K, 0% used [0x00000000f8680000,0x00000000f8680000,0x00000000f9980000)
  to   space 9728K, 0% used [0x00000000f6f00000,0x00000000f6f00000,0x00000000f7880000)
 ParOldGen       total 349696K, used 349695K [0x00000000e0000000, 0x00000000f5580000, 0x00000000f5580000)
  object space 349696K, 99% used [0x00000000e0000000,0x00000000f557fed0,0x00000000f5580000)
 Metaspace       used 58706K, committed 59776K, reserved 1105920K
  class space    used 5449K, committed 5888K, reserved 1048576K
}
Event: 1934.926 GC heap after
{Heap after GC invocations=1474 (full 1358):
 PSYoungGen      total 35840K, used 26111K [0x00000000f5580000, 0x00000000f9980000, 0x0000000100000000)
  eden space 26112K, 99% used [0x00000000f5580000,0x00000000f6efffb0,0x00000000f6f00000)
  from space 9728K, 0% used [0x00000000f6f00000,0x00000000f6f00000,0x00000000f7880000)
  to   space 19456K, 0% used [0x00000000f8680000,0x00000000f8680000,0x00000000f9980000)
 ParOldGen       total 349696K, used 349695K [0x00000000e0000000, 0x00000000f5580000, 0x00000000f5580000)
  object space 349696K, 99% used [0x00000000e0000000,0x00000000f557fed0,0x00000000f5580000)
 Metaspace       used 58706K, committed 59776K, reserved 1105920K
  class space    used 5449K, committed 5888K, reserved 1048576K
}
Event: 1934.927 GC heap before
{Heap before GC invocations=1475 (full 1359):
 PSYoungGen      total 35840K, used 26111K [0x00000000f5580000, 0x00000000f9980000, 0x0000000100000000)
  eden space 26112K, 99% used [0x00000000f5580000,0x00000000f6effff8,0x00000000f6f00000)
  from space 9728K, 0% used [0x00000000f6f00000,0x00000000f6f00000,0x00000000f7880000)
  to   space 19456K, 0% used [0x00000000f8680000,0x00000000f8680000,0x00000000f9980000)
 ParOldGen       total 349696K, used 349695K [0x00000000e0000000, 0x00000000f5580000, 0x00000000f5580000)
  object space 349696K, 99% used [0x00000000e0000000,0x00000000f557fed0,0x00000000f5580000)
 Metaspace       used 58706K, committed 59776K, reserved 1105920K
  class space    used 5449K, committed 5888K, reserved 1048576K
}
Event: 1936.145 GC heap after
{Heap after GC invocations=1475 (full 1359):
 PSYoungGen      total 45568K, used 26111K [0x00000000f5580000, 0x00000000f9980000, 0x0000000100000000)
  eden space 26112K, 99% used [0x00000000f5580000,0x00000000f6effff8,0x00000000f6f00000)
  from space 19456K, 0% used [0x00000000f8680000,0x00000000f8680000,0x00000000f9980000)
  to   space 9728K, 0% used [0x00000000f6f00000,0x00000000f6f00000,0x00000000f7880000)
 ParOldGen       total 349696K, used 349695K [0x00000000e0000000, 0x00000000f5580000, 0x00000000f5580000)
  object space 349696K, 99% used [0x00000000e0000000,0x00000000f557fed0,0x00000000f5580000)
 Metaspace       used 58706K, committed 59776K, reserved 1105920K
  class space    used 5449K, committed 5888K, reserved 1048576K
}
Event: 1936.146 GC heap before
{Heap before GC invocations=1476 (full 1360):
 PSYoungGen      total 45568K, used 26111K [0x00000000f5580000, 0x00000000f9980000, 0x0000000100000000)
  eden space 26112K, 99% used [0x00000000f5580000,0x00000000f6effff8,0x00000000f6f00000)
  from space 19456K, 0% used [0x00000000f8680000,0x00000000f8680000,0x00000000f9980000)
  to   space 9728K, 0% used [0x00000000f6f00000,0x00000000f6f00000,0x00000000f7880000)
 ParOldGen       total 349696K, used 349695K [0x00000000e0000000, 0x00000000f5580000, 0x00000000f5580000)
  object space 349696K, 99% used [0x00000000e0000000,0x00000000f557ffe8,0x00000000f5580000)
 Metaspace       used 58706K, committed 59776K, reserved 1105920K
  class space    used 5449K, committed 5888K, reserved 1048576K
}
Event: 1937.359 GC heap after
{Heap after GC invocations=1476 (full 1360):
 PSYoungGen      total 35840K, used 26110K [0x00000000f5580000, 0x00000000f9980000, 0x0000000100000000)
  eden space 26112K, 99% used [0x00000000f5580000,0x00000000f6effb70,0x00000000f6f00000)
  from space 9728K, 0% used [0x00000000f6f00000,0x00000000f6f00000,0x00000000f7880000)
  to   space 19456K, 0% used [0x00000000f8680000,0x00000000f8680000,0x00000000f9980000)
 ParOldGen       total 349696K, used 349694K [0x00000000e0000000, 0x00000000f5580000, 0x00000000f5580000)
  object space 349696K, 99% used [0x00000000e0000000,0x00000000f557fb80,0x00000000f5580000)
 Metaspace       used 58706K, committed 59776K, reserved 1105920K
  class space    used 5449K, committed 5888K, reserved 1048576K
}
Event: 1937.360 GC heap before
{Heap before GC invocations=1477 (full 1361):
 PSYoungGen      total 35840K, used 26111K [0x00000000f5580000, 0x00000000f9980000, 0x0000000100000000)
  eden space 26112K, 99% used [0x00000000f5580000,0x00000000f6effff8,0x00000000f6f00000)
  from space 9728K, 0% used [0x00000000f6f00000,0x00000000f6f00000,0x00000000f7880000)
  to   space 19456K, 0% used [0x00000000f8680000,0x00000000f8680000,0x00000000f9980000)
 ParOldGen       total 349696K, used 349694K [0x00000000e0000000, 0x00000000f5580000, 0x00000000f5580000)
  object space 349696K, 99% used [0x00000000e0000000,0x00000000f557fb80,0x00000000f5580000)
 Metaspace       used 58706K, committed 59776K, reserved 1105920K
  class space    used 5449K, committed 5888K, reserved 1048576K
}
Event: 1938.550 GC heap after
{Heap after GC invocations=1477 (full 1361):
 PSYoungGen      total 45568K, used 26110K [0x00000000f5580000, 0x00000000f9980000, 0x0000000100000000)
  eden space 26112K, 99% used [0x00000000f5580000,0x00000000f6eff970,0x00000000f6f00000)
  from space 19456K, 0% used [0x00000000f8680000,0x00000000f8680000,0x00000000f9980000)
  to   space 9728K, 0% used [0x00000000f6f00000,0x00000000f6f00000,0x00000000f7880000)
 ParOldGen       total 349696K, used 349694K [0x00000000e0000000, 0x00000000f5580000, 0x00000000f5580000)
  object space 349696K, 99% used [0x00000000e0000000,0x00000000f557faf0,0x00000000f5580000)
 Metaspace       used 58706K, committed 59776K, reserved 1105920K
  class space    used 5449K, committed 5888K, reserved 1048576K
}
Event: 1938.558 GC heap before
{Heap before GC invocations=1478 (full 1362):
 PSYoungGen      total 45568K, used 26111K [0x00000000f5580000, 0x00000000f9980000, 0x0000000100000000)
  eden space 26112K, 99% used [0x00000000f5580000,0x00000000f6efff60,0x00000000f6f00000)
  from space 19456K, 0% used [0x00000000f8680000,0x00000000f8680000,0x00000000f9980000)
  to   space 9728K, 0% used [0x00000000f6f00000,0x00000000f6f00000,0x00000000f7880000)
 ParOldGen       total 349696K, used 349694K [0x00000000e0000000, 0x00000000f5580000, 0x00000000f5580000)
  object space 349696K, 99% used [0x00000000e0000000,0x00000000f557faf0,0x00000000f5580000)
 Metaspace       used 58706K, committed 59776K, reserved 1105920K
  class space    used 5449K, committed 5888K, reserved 1048576K
}
Event: 1939.955 GC heap after
{Heap after GC invocations=1478 (full 1362):
 PSYoungGen      total 35840K, used 26110K [0x00000000f5580000, 0x00000000f9980000, 0x0000000100000000)
  eden space 26112K, 99% used [0x00000000f5580000,0x00000000f6effb78,0x00000000f6f00000)
  from space 9728K, 0% used [0x00000000f6f00000,0x00000000f6f00000,0x00000000f7880000)
  to   space 19456K, 0% used [0x00000000f8680000,0x00000000f8680000,0x00000000f9980000)
 ParOldGen       total 349696K, used 349694K [0x00000000e0000000, 0x00000000f5580000, 0x00000000f5580000)
  object space 349696K, 99% used [0x00000000e0000000,0x00000000f557faf0,0x00000000f5580000)
 Metaspace       used 58706K, committed 59776K, reserved 1105920K
  class space    used 5449K, committed 5888K, reserved 1048576K
}
Event: 1939.956 GC heap before
{Heap before GC invocations=1479 (full 1363):
 PSYoungGen      total 35840K, used 26112K [0x00000000f5580000, 0x00000000f9980000, 0x0000000100000000)
  eden space 26112K, 100% used [0x00000000f5580000,0x00000000f6f00000,0x00000000f6f00000)
  from space 9728K, 0% used [0x00000000f6f00000,0x00000000f6f00000,0x00000000f7880000)
  to   space 19456K, 0% used [0x00000000f8680000,0x00000000f8680000,0x00000000f9980000)
 ParOldGen       total 349696K, used 349694K [0x00000000e0000000, 0x00000000f5580000, 0x00000000f5580000)
  object space 349696K, 99% used [0x00000000e0000000,0x00000000f557faf0,0x00000000f5580000)
 Metaspace       used 58706K, committed 59776K, reserved 1105920K
  class space    used 5449K, committed 5888K, reserved 1048576K
}
Event: 1941.066 GC heap after
{Heap after GC invocations=1479 (full 1363):
 PSYoungGen      total 45568K, used 26111K [0x00000000f5580000, 0x00000000f9980000, 0x0000000100000000)
  eden space 26112K, 99% used [0x00000000f5580000,0x00000000f6effea0,0x00000000f6f00000)
  from space 19456K, 0% used [0x00000000f8680000,0x00000000f8680000,0x00000000f9980000)
  to   space 9728K, 0% used [0x00000000f6f00000,0x00000000f6f00000,0x00000000f7880000)
 ParOldGen       total 349696K, used 349694K [0x00000000e0000000, 0x00000000f5580000, 0x00000000f5580000)
  object space 349696K, 99% used [0x00000000e0000000,0x00000000f557f9b8,0x00000000f5580000)
 Metaspace       used 58706K, committed 59776K, reserved 1105920K
  class space    used 5449K, committed 5888K, reserved 1048576K
}
Event: 1941.068 GC heap before
{Heap before GC invocations=1480 (full 1364):
 PSYoungGen      total 45568K, used 26112K [0x00000000f5580000, 0x00000000f9980000, 0x0000000100000000)
  eden space 26112K, 100% used [0x00000000f5580000,0x00000000f6f00000,0x00000000f6f00000)
  from space 19456K, 0% used [0x00000000f8680000,0x00000000f8680000,0x00000000f9980000)
  to   space 9728K, 0% used [0x00000000f6f00000,0x00000000f6f00000,0x00000000f7880000)
 ParOldGen       total 349696K, used 349694K [0x00000000e0000000, 0x00000000f5580000, 0x00000000f5580000)
  object space 349696K, 99% used [0x00000000e0000000,0x00000000f557f9b8,0x00000000f5580000)
 Metaspace       used 58706K, committed 59776K, reserved 1105920K
  class space    used 5449K, committed 5888K, reserved 1048576K
}
Event: 1942.103 GC heap after
{Heap after GC invocations=1480 (full 1364):
 PSYoungGen      total 35840K, used 26111K [0x00000000f5580000, 0x00000000f9980000, 0x0000000100000000)
  eden space 26112K, 99% used [0x00000000f5580000,0x00000000f6effea0,0x00000000f6f00000)
  from space 9728K, 0% used [0x00000000f6f00000,0x00000000f6f00000,0x00000000f7880000)
  to   space 19456K, 0% used [0x00000000f8680000,0x00000000f8680000,0x00000000f9980000)
 ParOldGen       total 349696K, used 349694K [0x00000000e0000000, 0x00000000f5580000, 0x00000000f5580000)
  object space 349696K, 99% used [0x00000000e0000000,0x00000000f557f9b8,0x00000000f5580000)
 Metaspace       used 58706K, committed 59776K, reserved 1105920K
  class space    used 5449K, committed 5888K, reserved 1048576K
}
Event: 1942.103 GC heap before
{Heap before GC invocations=1481 (full 1365):
 PSYoungGen      total 35840K, used 26111K [0x00000000f5580000, 0x00000000f9980000, 0x0000000100000000)
  eden space 26112K, 99% used [0x00000000f5580000,0x00000000f6effea0,0x00000000f6f00000)
  from space 9728K, 0% used [0x00000000f6f00000,0x00000000f6f00000,0x00000000f7880000)
  to   space 19456K, 0% used [0x00000000f8680000,0x00000000f8680000,0x00000000f9980000)
 ParOldGen       total 349696K, used 349694K [0x00000000e0000000, 0x00000000f5580000, 0x00000000f5580000)
  object space 349696K, 99% used [0x00000000e0000000,0x00000000f557f9b8,0x00000000f5580000)
 Metaspace       used 58706K, committed 59776K, reserved 1105920K
  class space    used 5449K, committed 5888K, reserved 1048576K
}
Event: 1943.335 GC heap after
{Heap after GC invocations=1481 (full 1365):
 PSYoungGen      total 45568K, used 26111K [0x00000000f5580000, 0x00000000f9980000, 0x0000000100000000)
  eden space 26112K, 99% used [0x00000000f5580000,0x00000000f6effea0,0x00000000f6f00000)
  from space 19456K, 0% used [0x00000000f8680000,0x00000000f8680000,0x00000000f9980000)
  to   space 9728K, 0% used [0x00000000f6f00000,0x00000000f6f00000,0x00000000f7880000)
 ParOldGen       total 349696K, used 349694K [0x00000000e0000000, 0x00000000f5580000, 0x00000000f5580000)
  object space 349696K, 99% used [0x00000000e0000000,0x00000000f557f9b8,0x00000000f5580000)
 Metaspace       used 58706K, committed 59776K, reserved 1105920K
  class space    used 5449K, committed 5888K, reserved 1048576K
}

