# JRE version: OpenJDK Runtime Environment GraalVM CE 22.3.0 (17.0.5+8) (build 17.0.5+8-jvmci-22.3-b08)
# Java VM: OpenJDK 64-Bit Server VM GraalVM CE 22.3.0 (17.0.5+8-jvmci-22.3-b08, mixed mode, sharing, tiered, jvmci, jvmci compiler, compressed oops, compressed class ptrs, parallel gc, linux-amd64)
GC Precious Log:
 CPUs: 8 total, 1 available
 Memory: 1024M
 Large Page Support: Disabled
 NUMA Support: Disabled
 Compressed Oops: Enabled (32-bit)
 Alignments: Space 512K, Generation 512K, Heap 2M
 Heap Min Capacity: 100M
 Heap Initial Capacity: 100M
 Heap Max Capacity: 512M
 Pre-touch: Disabled
 Parallel Workers: 1
Heap:
 PSYoungGen      total 44544K, used 32255K [0x00000000f5580000, 0x00000000fab80000, 0x0000000100000000)
  eden space 32256K, 99% used [0x00000000f5580000,0x00000000f74ffff8,0x00000000f7500000)
  from space 12288K, 0% used [0x00000000f7500000,0x00000000f7500000,0x00000000f8100000)
  to   space 25088K, 0% used [0x00000000f9300000,0x00000000f9300000,0x00000000fab80000)
 ParOldGen       total 349696K, used 349695K [0x00000000e0000000, 0x00000000f5580000, 0x00000000f5580000)
  object space 349696K, 99% used [0x00000000e0000000,0x00000000f557fc10,0x00000000f5580000)
 Metaspace       used 62658K, committed 63680K, reserved 1114112K
  class space    used 6011K, committed 6464K, reserved 1048576K
GC Heap History (20 events):
Event: 1170.951 GC heap before
{Heap before GC invocations=860 (full 740):
 PSYoungGen      total 44544K, used 32255K [0x00000000f5580000, 0x00000000fab80000, 0x0000000100000000)
  eden space 32256K, 99% used [0x00000000f5580000,0x00000000f74ffff8,0x00000000f7500000)
  from space 12288K, 0% used [0x00000000f7500000,0x00000000f7500000,0x00000000f8100000)
  to   space 25088K, 0% used [0x00000000f9300000,0x00000000f9300000,0x00000000fab80000)
 ParOldGen       total 349696K, used 349690K [0x00000000e0000000, 0x00000000f5580000, 0x00000000f5580000)
  object space 349696K, 99% used [0x00000000e0000000,0x00000000f557e960,0x00000000f5580000)
 Metaspace       used 62658K, committed 63680K, reserved 1114112K
  class space    used 6011K, committed 6464K, reserved 1048576K
}
Event: 1172.760 GC heap after
{Heap after GC invocations=860 (full 740):
 PSYoungGen      total 57344K, used 32255K [0x00000000f5580000, 0x00000000fab80000, 0x0000000100000000)
  eden space 32256K, 99% used [0x00000000f5580000,0x00000000f74fff58,0x00000000f7500000)
  from space 25088K, 0% used [0x00000000f9300000,0x00000000f9300000,0x00000000fab80000)
  to   space 12288K, 0% used [0x00000000f7500000,0x00000000f7500000,0x00000000f8100000)
 ParOldGen       total 349696K, used 349688K [0x00000000e0000000, 0x00000000f5580000, 0x00000000f5580000)
  object space 349696K, 99% used [0x00000000e0000000,0x00000000f557e398,0x00000000f5580000)
 Metaspace       used 62658K, committed 63680K, reserved 1114112K
  class space    used 6011K, committed 6464K, reserved 1048576K
}
Event: 1172.760 GC heap before
{Heap before GC invocations=861 (full 741):
 PSYoungGen      total 57344K, used 32255K [0x00000000f5580000, 0x00000000fab80000, 0x0000000100000000)
  eden space 32256K, 99% used [0x00000000f5580000,0x00000000f74fffe8,0x00000000f7500000)
  from space 25088K, 0% used [0x00000000f9300000,0x00000000f9300000,0x00000000fab80000)
  to   space 12288K, 0% used [0x00000000f7500000,0x00000000f7500000,0x00000000f8100000)
 ParOldGen       total 349696K, used 349688K [0x00000000e0000000, 0x00000000f5580000, 0x00000000f5580000)
  object space 349696K, 99% used [0x00000000e0000000,0x00000000f557e398,0x00000000f5580000)
 Metaspace       used 62658K, committed 63680K, reserved 1114112K
  class space    used 6011K, committed 6464K, reserved 1048576K
}
Event: 1174.647 GC heap after
{Heap after GC invocations=861 (full 741):
 PSYoungGen      total 44544K, used 32255K [0x00000000f5580000, 0x00000000fab80000, 0x0000000100000000)
  eden space 32256K, 99% used [0x00000000f5580000,0x00000000f74fffe8,0x00000000f7500000)
  from space 12288K, 0% used [0x00000000f7500000,0x00000000f7500000,0x00000000f8100000)
  to   space 25088K, 0% used [0x00000000f9300000,0x00000000f9300000,0x00000000fab80000)
 ParOldGen       total 349696K, used 349688K [0x00000000e0000000, 0x00000000f5580000, 0x00000000f5580000)
  object space 349696K, 99% used [0x00000000e0000000,0x00000000f557e398,0x00000000f5580000)
 Metaspace       used 62658K, committed 63680K, reserved 1114112K
  class space    used 6011K, committed 6464K, reserved 1048576K
}
Event: 1174.647 GC heap before
{Heap before GC invocations=862 (full 742):
 PSYoungGen      total 44544K, used 32256K [0x00000000f5580000, 0x00000000fab80000, 0x0000000100000000)
  eden space 32256K, 100% used [0x00000000f5580000,0x00000000f7500000,0x00000000f7500000)
  from space 12288K, 0% used [0x00000000f7500000,0x00000000f7500000,0x00000000f8100000)
  to   space 25088K, 0% used [0x00000000f9300000,0x00000000f9300000,0x00000000fab80000)
 ParOldGen       total 349696K, used 349694K [0x00000000e0000000, 0x00000000f5580000, 0x00000000f5580000)
  object space 349696K, 99% used [0x00000000e0000000,0x00000000f557f990,0x00000000f5580000)
 Metaspace       used 62658K, committed 63680K, reserved 1114112K
  class space    used 6011K, committed 6464K, reserved 1048576K
}
Event: 1176.361 GC heap after
{Heap after GC invocations=862 (full 742):
 PSYoungGen      total 57344K, used 32255K [0x00000000f5580000, 0x00000000fab80000, 0x0000000100000000)
  eden space 32256K, 99% used [0x00000000f5580000,0x00000000f74fff28,0x00000000f7500000)
  from space 25088K, 0% used [0x00000000f9300000,0x00000000f9300000,0x00000000fab80000)
  to   space 12288K, 0% used [0x00000000f7500000,0x00000000f7500000,0x00000000f8100000)
 ParOldGen       total 349696K, used 349692K [0x00000000e0000000, 0x00000000f5580000, 0x00000000f5580000)
  object space 349696K, 99% used [0x00000000e0000000,0x00000000f557f3b0,0x00000000f5580000)
 Metaspace       used 62658K, committed 63680K, reserved 1114112K
  class space    used 6011K, committed 6464K, reserved 1048576K
}
Event: 1176.361 GC heap before
{Heap before GC invocations=863 (full 743):
 PSYoungGen      total 57344K, used 32255K [0x00000000f5580000, 0x00000000fab80000, 0x0000000100000000)
  eden space 32256K, 99% used [0x00000000f5580000,0x00000000f74fffc8,0x00000000f7500000)
  from space 25088K, 0% used [0x00000000f9300000,0x00000000f9300000,0x00000000fab80000)
  to   space 12288K, 0% used [0x00000000f7500000,0x00000000f7500000,0x00000000f8100000)
 ParOldGen       total 349696K, used 349692K [0x00000000e0000000, 0x00000000f5580000, 0x00000000f5580000)
  object space 349696K, 99% used [0x00000000e0000000,0x00000000f557f3b0,0x00000000f5580000)
 Metaspace       used 62658K, committed 63680K, reserved 1114112K
  class space    used 6011K, committed 6464K, reserved 1048576K
}
Event: 1178.030 GC heap after
{Heap after GC invocations=863 (full 743):
 PSYoungGen      total 44544K, used 32255K [0x00000000f5580000, 0x00000000fab80000, 0x0000000100000000)
  eden space 32256K, 99% used [0x00000000f5580000,0x00000000f74ffe20,0x00000000f7500000)
  from space 12288K, 0% used [0x00000000f7500000,0x00000000f7500000,0x00000000f8100000)
  to   space 25088K, 0% used [0x00000000f9300000,0x00000000f9300000,0x00000000fab80000)
 ParOldGen       total 349696K, used 349692K [0x00000000e0000000, 0x00000000f5580000, 0x00000000f5580000)
  object space 349696K, 99% used [0x00000000e0000000,0x00000000f557f1c8,0x00000000f5580000)
 Metaspace       used 62658K, committed 63680K, reserved 1114112K
  class space    used 6011K, committed 6464K, reserved 1048576K
}
Event: 1178.031 GC heap before
{Heap before GC invocations=864 (full 744):
 PSYoungGen      total 44544K, used 32255K [0x00000000f5580000, 0x00000000fab80000, 0x0000000100000000)
  eden space 32256K, 99% used [0x00000000f5580000,0x00000000f74ffff8,0x00000000f7500000)
  from space 12288K, 0% used [0x00000000f7500000,0x00000000f7500000,0x00000000f8100000)
  to   space 25088K, 0% used [0x00000000f9300000,0x00000000f9300000,0x00000000fab80000)
 ParOldGen       total 349696K, used 349692K [0x00000000e0000000, 0x00000000f5580000, 0x00000000f5580000)
  object space 349696K, 99% used [0x00000000e0000000,0x00000000f557f1c8,0x00000000f5580000)
 Metaspace       used 62658K, committed 63680K, reserved 1114112K
  class space    used 6011K, committed 6464K, reserved 1048576K
}
Event: 1179.756 GC heap after
{Heap after GC invocations=864 (full 744):
 PSYoungGen      total 57344K, used 32255K [0x00000000f5580000, 0x00000000fab80000, 0x0000000100000000)
  eden space 32256K, 99% used [0x00000000f5580000,0x00000000f74fff30,0x00000000f7500000)
  from space 25088K, 0% used [0x00000000f9300000,0x00000000f9300000,0x00000000fab80000)
  to   space 12288K, 0% used [0x00000000f7500000,0x00000000f7500000,0x00000000f8100000)
 ParOldGen       total 349696K, used 349692K [0x00000000e0000000, 0x00000000f5580000, 0x00000000f5580000)
  object space 349696K, 99% used [0x00000000e0000000,0x00000000f557f128,0x00000000f5580000)
 Metaspace       used 62658K, committed 63680K, reserved 1114112K
  class space    used 6011K, committed 6464K, reserved 1048576K
}
Event: 1179.756 GC heap before
{Heap before GC invocations=865 (full 745):
 PSYoungGen      total 57344K, used 32255K [0x00000000f5580000, 0x00000000fab80000, 0x0000000100000000)
  eden space 32256K, 99% used [0x00000000f5580000,0x00000000f74ffff8,0x00000000f7500000)
  from space 25088K, 0% used [0x00000000f9300000,0x00000000f9300000,0x00000000fab80000)
  to   space 12288K, 0% used [0x00000000f7500000,0x00000000f7500000,0x00000000f8100000)
 ParOldGen       total 349696K, used 349692K [0x00000000e0000000, 0x00000000f5580000, 0x00000000f5580000)
  object space 349696K, 99% used [0x00000000e0000000,0x00000000f557f128,0x00000000f5580000)
 Metaspace       used 62658K, committed 63680K, reserved 1114112K
  class space    used 6011K, committed 6464K, reserved 1048576K
}
Event: 1181.548 GC heap after
{Heap after GC invocations=865 (full 745):
 PSYoungGen      total 44544K, used 32255K [0x00000000f5580000, 0x00000000fab80000, 0x0000000100000000)
  eden space 32256K, 99% used [0x00000000f5580000,0x00000000f74ffff8,0x00000000f7500000)
  from space 12288K, 0% used [0x00000000f7500000,0x00000000f7500000,0x00000000f8100000)
  to   space 25088K, 0% used [0x00000000f9300000,0x00000000f9300000,0x00000000fab80000)
 ParOldGen       total 349696K, used 349692K [0x00000000e0000000, 0x00000000f5580000, 0x00000000f5580000)
  object space 349696K, 99% used [0x00000000e0000000,0x00000000f557f128,0x00000000f5580000)
 Metaspace       used 62658K, committed 63680K, reserved 1114112K
  class space    used 6011K, committed 6464K, reserved 1048576K
}
Event: 1181.549 GC heap before
{Heap before GC invocations=866 (full 746):
 PSYoungGen      total 44544K, used 32255K [0x00000000f5580000, 0x00000000fab80000, 0x0000000100000000)
  eden space 32256K, 99% used [0x00000000f5580000,0x00000000f74ffff8,0x00000000f7500000)
  from space 12288K, 0% used [0x00000000f7500000,0x00000000f7500000,0x00000000f8100000)
  to   space 25088K, 0% used [0x00000000f9300000,0x00000000f9300000,0x00000000fab80000)
 ParOldGen       total 349696K, used 349694K [0x00000000e0000000, 0x00000000f5580000, 0x00000000f5580000)
  object space 349696K, 99% used [0x00000000e0000000,0x00000000f557fa50,0x00000000f5580000)
 Metaspace       used 62658K, committed 63680K, reserved 1114112K
  class space    used 6011K, committed 6464K, reserved 1048576K
}
Event: 1183.329 GC heap after
{Heap after GC invocations=866 (full 746):
 PSYoungGen      total 57344K, used 32255K [0x00000000f5580000, 0x00000000fab80000, 0x0000000100000000)
  eden space 32256K, 99% used [0x00000000f5580000,0x00000000f74ffe90,0x00000000f7500000)
  from space 25088K, 0% used [0x00000000f9300000,0x00000000f9300000,0x00000000fab80000)
  to   space 12288K, 0% used [0x00000000f7500000,0x00000000f7500000,0x00000000f8100000)
 ParOldGen       total 349696K, used 349693K [0x00000000e0000000, 0x00000000f5580000, 0x00000000f5580000)
  object space 349696K, 99% used [0x00000000e0000000,0x00000000f557f5a0,0x00000000f5580000)
 Metaspace       used 62658K, committed 63680K, reserved 1114112K
  class space    used 6011K, committed 6464K, reserved 1048576K
}
Event: 1183.329 GC heap before
{Heap before GC invocations=867 (full 747):
 PSYoungGen      total 57344K, used 32255K [0x00000000f5580000, 0x00000000fab80000, 0x0000000100000000)
  eden space 32256K, 99% used [0x00000000f5580000,0x00000000f74fffe8,0x00000000f7500000)
  from space 25088K, 0% used [0x00000000f9300000,0x00000000f9300000,0x00000000fab80000)
  to   space 12288K, 0% used [0x00000000f7500000,0x00000000f7500000,0x00000000f8100000)
 ParOldGen       total 349696K, used 349693K [0x00000000e0000000, 0x00000000f5580000, 0x00000000f5580000)
  object space 349696K, 99% used [0x00000000e0000000,0x00000000f557f5a0,0x00000000f5580000)
 Metaspace       used 62658K, committed 63680K, reserved 1114112K
  class space    used 6011K, committed 6464K, reserved 1048576K
}
Event: 1185.057 GC heap after
{Heap after GC invocations=867 (full 747):
 PSYoungGen      total 44544K, used 32255K [0x00000000f5580000, 0x00000000fab80000, 0x0000000100000000)
  eden space 32256K, 99% used [0x00000000f5580000,0x00000000f74fff10,0x00000000f7500000)
  from space 12288K, 0% used [0x00000000f7500000,0x00000000f7500000,0x00000000f8100000)
  to   space 25088K, 0% used [0x00000000f9300000,0x00000000f9300000,0x00000000fab80000)
 ParOldGen       total 349696K, used 349693K [0x00000000e0000000, 0x00000000f5580000, 0x00000000f5580000)
  object space 349696K, 99% used [0x00000000e0000000,0x00000000f557f5a0,0x00000000f5580000)
 Metaspace       used 62658K, committed 63680K, reserved 1114112K
  class space    used 6011K, committed 6464K, reserved 1048576K
}
Event: 1185.058 GC heap before
{Heap before GC invocations=868 (full 748):
 PSYoungGen      total 44544K, used 32256K [0x00000000f5580000, 0x00000000fab80000, 0x0000000100000000)
  eden space 32256K, 100% used [0x00000000f5580000,0x00000000f7500000,0x00000000f7500000)
  from space 12288K, 0% used [0x00000000f7500000,0x00000000f7500000,0x00000000f8100000)
  to   space 25088K, 0% used [0x00000000f9300000,0x00000000f9300000,0x00000000fab80000)
 ParOldGen       total 349696K, used 349694K [0x00000000e0000000, 0x00000000f5580000, 0x00000000f5580000)
  object space 349696K, 99% used [0x00000000e0000000,0x00000000f557fa98,0x00000000f5580000)
 Metaspace       used 62658K, committed 63680K, reserved 1114112K
  class space    used 6011K, committed 6464K, reserved 1048576K
}
Event: 1186.946 GC heap after
{Heap after GC invocations=868 (full 748):
 PSYoungGen      total 57344K, used 32255K [0x00000000f5580000, 0x00000000fab80000, 0x0000000100000000)
  eden space 32256K, 99% used [0x00000000f5580000,0x00000000f74fff00,0x00000000f7500000)
  from space 25088K, 0% used [0x00000000f9300000,0x00000000f9300000,0x00000000fab80000)
  to   space 12288K, 0% used [0x00000000f7500000,0x00000000f7500000,0x00000000f8100000)
 ParOldGen       total 349696K, used 349693K [0x00000000e0000000, 0x00000000f5580000, 0x00000000f5580000)
  object space 349696K, 99% used [0x00000000e0000000,0x00000000f557f7a0,0x00000000f5580000)
 Metaspace       used 62658K, committed 63680K, reserved 1114112K
  class space    used 6011K, committed 6464K, reserved 1048576K
}
Event: 1186.946 GC heap before
{Heap before GC invocations=869 (full 749):
 PSYoungGen      total 57344K, used 32255K [0x00000000f5580000, 0x00000000fab80000, 0x0000000100000000)
  eden space 32256K, 99% used [0x00000000f5580000,0x00000000f74fff00,0x00000000f7500000)
  from space 25088K, 0% used [0x00000000f9300000,0x00000000f9300000,0x00000000fab80000)
  to   space 12288K, 0% used [0x00000000f7500000,0x00000000f7500000,0x00000000f8100000)
 ParOldGen       total 349696K, used 349693K [0x00000000e0000000, 0x00000000f5580000, 0x00000000f5580000)
  object space 349696K, 99% used [0x00000000e0000000,0x00000000f557f7a0,0x00000000f5580000)
 Metaspace       used 62658K, committed 63680K, reserved 1114112K
  class space    used 6011K, committed 6464K, reserved 1048576K
}
Event: 1188.844 GC heap after
{Heap after GC invocations=869 (full 749):
 PSYoungGen      total 44544K, used 32255K [0x00000000f5580000, 0x00000000fab80000, 0x0000000100000000)
  eden space 32256K, 99% used [0x00000000f5580000,0x00000000f74fff00,0x00000000f7500000)
  from space 12288K, 0% used [0x00000000f7500000,0x00000000f7500000,0x00000000f8100000)
  to   space 25088K, 0% used [0x00000000f9300000,0x00000000f9300000,0x00000000fab80000)
 ParOldGen       total 349696K, used 349693K [0x00000000e0000000, 0x00000000f5580000, 0x00000000f5580000)
  object space 349696K, 99% used [0x00000000e0000000,0x00000000f557f7a0,0x00000000f5580000)
 Metaspace       used 62658K, committed 63680K, reserved 1114112K
  class space    used 6011K, committed 6464K, reserved 1048576K
}

