# JRE version: OpenJDK Runtime Environment GraalVM CE 22.3.0 (17.0.5+8) (build 17.0.5+8-jvmci-22.3-b08)
# Java VM: OpenJDK 64-Bit Server VM GraalVM CE 22.3.0 (17.0.5+8-jvmci-22.3-b08, mixed mode, sharing, tiered, jvmci, jvmci compiler, compressed oops, compressed class ptrs, parallel gc, linux-amd64)
GC Precious Log:
 CPUs: 8 total, 1 available
 Memory: 1024M
 Large Page Support: Disabled
 NUMA Support: Disabled
 Compressed Oops: Enabled (32-bit)
 Alignments: Space 512K, Generation 512K, Heap 2M
 Heap Min Capacity: 100M
 Heap Initial Capacity: 100M
 Heap Max Capacity: 512M
 Pre-touch: Disabled
 Parallel Workers: 1
Heap:
 PSYoungGen      total 48128K, used 28159K [0x00000000f5580000, 0x00000000f9980000, 0x0000000100000000)
  eden space 28160K, 99% used [0x00000000f5580000,0x00000000f70ffff0,0x00000000f7100000)
  from space 19968K, 0% used [0x00000000f8480000,0x00000000f8480000,0x00000000f9800000)
  to   space 19968K, 0% used [0x00000000f7100000,0x00000000f7100000,0x00000000f8480000)
 ParOldGen       total 349696K, used 349692K [0x00000000e0000000, 0x00000000f5580000, 0x00000000f5580000)
  object space 349696K, 99% used [0x00000000e0000000,0x00000000f557f0b0,0x00000000f5580000)
 Metaspace       used 61825K, committed 62976K, reserved 1105920K
  class space    used 5957K, committed 6400K, reserved 1048576K
GC Heap History (20 events):
Event: 507.502 GC heap before
{Heap before GC invocations=525 (full 370):
 PSYoungGen      total 48128K, used 28160K [0x00000000f5580000, 0x00000000f9980000, 0x0000000100000000)
  eden space 28160K, 100% used [0x00000000f5580000,0x00000000f7100000,0x00000000f7100000)
  from space 19968K, 0% used [0x00000000f8480000,0x00000000f8480000,0x00000000f9800000)
  to   space 19968K, 0% used [0x00000000f7100000,0x00000000f7100000,0x00000000f8480000)
 ParOldGen       total 349696K, used 349695K [0x00000000e0000000, 0x00000000f5580000, 0x00000000f5580000)
  object space 349696K, 99% used [0x00000000e0000000,0x00000000f557ff78,0x00000000f5580000)
 Metaspace       used 61825K, committed 62976K, reserved 1105920K
  class space    used 5957K, committed 6400K, reserved 1048576K
}
Event: 508.756 GC heap after
{Heap after GC invocations=525 (full 370):
 PSYoungGen      total 48128K, used 28159K [0x00000000f5580000, 0x00000000f9980000, 0x0000000100000000)
  eden space 28160K, 99% used [0x00000000f5580000,0x00000000f70fffe0,0x00000000f7100000)
  from space 19968K, 0% used [0x00000000f7100000,0x00000000f7100000,0x00000000f8480000)
  to   space 19968K, 0% used [0x00000000f8480000,0x00000000f8480000,0x00000000f9800000)
 ParOldGen       total 349696K, used 349695K [0x00000000e0000000, 0x00000000f5580000, 0x00000000f5580000)
  object space 349696K, 99% used [0x00000000e0000000,0x00000000f557fe98,0x00000000f5580000)
 Metaspace       used 61825K, committed 62976K, reserved 1105920K
  class space    used 5957K, committed 6400K, reserved 1048576K
}
Event: 508.756 GC heap before
{Heap before GC invocations=526 (full 371):
 PSYoungGen      total 48128K, used 28159K [0x00000000f5580000, 0x00000000f9980000, 0x0000000100000000)
  eden space 28160K, 99% used [0x00000000f5580000,0x00000000f70ffff8,0x00000000f7100000)
  from space 19968K, 0% used [0x00000000f7100000,0x00000000f7100000,0x00000000f8480000)
  to   space 19968K, 0% used [0x00000000f8480000,0x00000000f8480000,0x00000000f9800000)
 ParOldGen       total 349696K, used 349695K [0x00000000e0000000, 0x00000000f5580000, 0x00000000f5580000)
  object space 349696K, 99% used [0x00000000e0000000,0x00000000f557fff8,0x00000000f5580000)
 Metaspace       used 61825K, committed 62976K, reserved 1105920K
  class space    used 5957K, committed 6400K, reserved 1048576K
}
Event: 509.920 GC heap after
{Heap after GC invocations=526 (full 371):
 PSYoungGen      total 48128K, used 28159K [0x00000000f5580000, 0x00000000f9980000, 0x0000000100000000)
  eden space 28160K, 99% used [0x00000000f5580000,0x00000000f70fffe0,0x00000000f7100000)
  from space 19968K, 0% used [0x00000000f8480000,0x00000000f8480000,0x00000000f9800000)
  to   space 19968K, 0% used [0x00000000f7100000,0x00000000f7100000,0x00000000f8480000)
 ParOldGen       total 349696K, used 349695K [0x00000000e0000000, 0x00000000f5580000, 0x00000000f5580000)
  object space 349696K, 99% used [0x00000000e0000000,0x00000000f557fff8,0x00000000f5580000)
 Metaspace       used 61825K, committed 62976K, reserved 1105920K
  class space    used 5957K, committed 6400K, reserved 1048576K
}
Event: 509.920 GC heap before
{Heap before GC invocations=527 (full 372):
 PSYoungGen      total 48128K, used 28160K [0x00000000f5580000, 0x00000000f9980000, 0x0000000100000000)
  eden space 28160K, 100% used [0x00000000f5580000,0x00000000f7100000,0x00000000f7100000)
  from space 19968K, 0% used [0x00000000f8480000,0x00000000f8480000,0x00000000f9800000)
  to   space 19968K, 0% used [0x00000000f7100000,0x00000000f7100000,0x00000000f8480000)
 ParOldGen       total 349696K, used 349695K [0x00000000e0000000, 0x00000000f5580000, 0x00000000f5580000)
  object space 349696K, 99% used [0x00000000e0000000,0x00000000f557fff8,0x00000000f5580000)
 Metaspace       used 61825K, committed 62976K, reserved 1105920K
  class space    used 5957K, committed 6400K, reserved 1048576K
}
Event: 511.127 GC heap after
{Heap after GC invocations=527 (full 372):
 PSYoungGen      total 48128K, used 28160K [0x00000000f5580000, 0x00000000f9980000, 0x0000000100000000)
  eden space 28160K, 100% used [0x00000000f5580000,0x00000000f7100000,0x00000000f7100000)
  from space 19968K, 0% used [0x00000000f7100000,0x00000000f7100000,0x00000000f8480000)
  to   space 19968K, 0% used [0x00000000f8480000,0x00000000f8480000,0x00000000f9800000)
 ParOldGen       total 349696K, used 349695K [0x00000000e0000000, 0x00000000f5580000, 0x00000000f5580000)
  object space 349696K, 99% used [0x00000000e0000000,0x00000000f557fff8,0x00000000f5580000)
 Metaspace       used 61825K, committed 62976K, reserved 1105920K
  class space    used 5957K, committed 6400K, reserved 1048576K
}
Event: 511.127 GC heap before
{Heap before GC invocations=528 (full 373):
 PSYoungGen      total 48128K, used 28160K [0x00000000f5580000, 0x00000000f9980000, 0x0000000100000000)
  eden space 28160K, 100% used [0x00000000f5580000,0x00000000f7100000,0x00000000f7100000)
  from space 19968K, 0% used [0x00000000f7100000,0x00000000f7100000,0x00000000f8480000)
  to   space 19968K, 0% used [0x00000000f8480000,0x00000000f8480000,0x00000000f9800000)
 ParOldGen       total 349696K, used 349695K [0x00000000e0000000, 0x00000000f5580000, 0x00000000f5580000)
  object space 349696K, 99% used [0x00000000e0000000,0x00000000f557fff8,0x00000000f5580000)
 Metaspace       used 61825K, committed 62976K, reserved 1105920K
  class space    used 5957K, committed 6400K, reserved 1048576K
}
Event: 512.399 GC heap after
{Heap after GC invocations=528 (full 373):
 PSYoungGen      total 48128K, used 28159K [0x00000000f5580000, 0x00000000f9980000, 0x0000000100000000)
  eden space 28160K, 99% used [0x00000000f5580000,0x00000000f70fff40,0x00000000f7100000)
  from space 19968K, 0% used [0x00000000f8480000,0x00000000f8480000,0x00000000f9800000)
  to   space 19968K, 0% used [0x00000000f7100000,0x00000000f7100000,0x00000000f8480000)
 ParOldGen       total 349696K, used 349695K [0x00000000e0000000, 0x00000000f5580000, 0x00000000f5580000)
  object space 349696K, 99% used [0x00000000e0000000,0x00000000f557fef8,0x00000000f5580000)
 Metaspace       used 61825K, committed 62976K, reserved 1105920K
  class space    used 5957K, committed 6400K, reserved 1048576K
}
Event: 512.402 GC heap before
{Heap before GC invocations=529 (full 374):
 PSYoungGen      total 48128K, used 28160K [0x00000000f5580000, 0x00000000f9980000, 0x0000000100000000)
  eden space 28160K, 100% used [0x00000000f5580000,0x00000000f7100000,0x00000000f7100000)
  from space 19968K, 0% used [0x00000000f8480000,0x00000000f8480000,0x00000000f9800000)
  to   space 19968K, 0% used [0x00000000f7100000,0x00000000f7100000,0x00000000f8480000)
 ParOldGen       total 349696K, used 349695K [0x00000000e0000000, 0x00000000f5580000, 0x00000000f5580000)
  object space 349696K, 99% used [0x00000000e0000000,0x00000000f557fff8,0x00000000f5580000)
 Metaspace       used 61825K, committed 62976K, reserved 1105920K
  class space    used 5957K, committed 6400K, reserved 1048576K
}
Event: 513.528 GC heap after
{Heap after GC invocations=529 (full 374):
 PSYoungGen      total 48128K, used 28160K [0x00000000f5580000, 0x00000000f9980000, 0x0000000100000000)
  eden space 28160K, 100% used [0x00000000f5580000,0x00000000f7100000,0x00000000f7100000)
  from space 19968K, 0% used [0x00000000f7100000,0x00000000f7100000,0x00000000f8480000)
  to   space 19968K, 0% used [0x00000000f8480000,0x00000000f8480000,0x00000000f9800000)
 ParOldGen       total 349696K, used 349695K [0x00000000e0000000, 0x00000000f5580000, 0x00000000f5580000)
  object space 349696K, 99% used [0x00000000e0000000,0x00000000f557fff8,0x00000000f5580000)
 Metaspace       used 61825K, committed 62976K, reserved 1105920K
  class space    used 5957K, committed 6400K, reserved 1048576K
}
Event: 513.528 GC heap before
{Heap before GC invocations=530 (full 375):
 PSYoungGen      total 48128K, used 28160K [0x00000000f5580000, 0x00000000f9980000, 0x0000000100000000)
  eden space 28160K, 100% used [0x00000000f5580000,0x00000000f7100000,0x00000000f7100000)
  from space 19968K, 0% used [0x00000000f7100000,0x00000000f7100000,0x00000000f8480000)
  to   space 19968K, 0% used [0x00000000f8480000,0x00000000f8480000,0x00000000f9800000)
 ParOldGen       total 349696K, used 349695K [0x00000000e0000000, 0x00000000f5580000, 0x00000000f5580000)
  object space 349696K, 99% used [0x00000000e0000000,0x00000000f557fff8,0x00000000f5580000)
 Metaspace       used 61825K, committed 62976K, reserved 1105920K
  class space    used 5957K, committed 6400K, reserved 1048576K
}
Event: 514.705 GC heap after
{Heap after GC invocations=530 (full 375):
 PSYoungGen      total 48128K, used 28160K [0x00000000f5580000, 0x00000000f9980000, 0x0000000100000000)
  eden space 28160K, 100% used [0x00000000f5580000,0x00000000f7100000,0x00000000f7100000)
  from space 19968K, 0% used [0x00000000f8480000,0x00000000f8480000,0x00000000f9800000)
  to   space 19968K, 0% used [0x00000000f7100000,0x00000000f7100000,0x00000000f8480000)
 ParOldGen       total 349696K, used 349695K [0x00000000e0000000, 0x00000000f5580000, 0x00000000f5580000)
  object space 349696K, 99% used [0x00000000e0000000,0x00000000f557fff8,0x00000000f5580000)
 Metaspace       used 61825K, committed 62976K, reserved 1105920K
  class space    used 5957K, committed 6400K, reserved 1048576K
}
Event: 514.705 GC heap before
{Heap before GC invocations=531 (full 376):
 PSYoungGen      total 48128K, used 28160K [0x00000000f5580000, 0x00000000f9980000, 0x0000000100000000)
  eden space 28160K, 100% used [0x00000000f5580000,0x00000000f7100000,0x00000000f7100000)
  from space 19968K, 0% used [0x00000000f8480000,0x00000000f8480000,0x00000000f9800000)
  to   space 19968K, 0% used [0x00000000f7100000,0x00000000f7100000,0x00000000f8480000)
 ParOldGen       total 349696K, used 349695K [0x00000000e0000000, 0x00000000f5580000, 0x00000000f5580000)
  object space 349696K, 99% used [0x00000000e0000000,0x00000000f557fff8,0x00000000f5580000)
 Metaspace       used 61825K, committed 62976K, reserved 1105920K
  class space    used 5957K, committed 6400K, reserved 1048576K
}
Event: 515.934 GC heap after
{Heap after GC invocations=531 (full 376):
 PSYoungGen      total 48128K, used 28160K [0x00000000f5580000, 0x00000000f9980000, 0x0000000100000000)
  eden space 28160K, 100% used [0x00000000f5580000,0x00000000f7100000,0x00000000f7100000)
  from space 19968K, 0% used [0x00000000f7100000,0x00000000f7100000,0x00000000f8480000)
  to   space 19968K, 0% used [0x00000000f8480000,0x00000000f8480000,0x00000000f9800000)
 ParOldGen       total 349696K, used 349694K [0x00000000e0000000, 0x00000000f5580000, 0x00000000f5580000)
  object space 349696K, 99% used [0x00000000e0000000,0x00000000f557fa38,0x00000000f5580000)
 Metaspace       used 61825K, committed 62976K, reserved 1105920K
  class space    used 5957K, committed 6400K, reserved 1048576K
}
Event: 515.934 GC heap before
{Heap before GC invocations=532 (full 377):
 PSYoungGen      total 48128K, used 28160K [0x00000000f5580000, 0x00000000f9980000, 0x0000000100000000)
  eden space 28160K, 100% used [0x00000000f5580000,0x00000000f7100000,0x00000000f7100000)
  from space 19968K, 0% used [0x00000000f7100000,0x00000000f7100000,0x00000000f8480000)
  to   space 19968K, 0% used [0x00000000f8480000,0x00000000f8480000,0x00000000f9800000)
 ParOldGen       total 349696K, used 349695K [0x00000000e0000000, 0x00000000f5580000, 0x00000000f5580000)
  object space 349696K, 99% used [0x00000000e0000000,0x00000000f557fed8,0x00000000f5580000)
 Metaspace       used 61825K, committed 62976K, reserved 1105920K
  class space    used 5957K, committed 6400K, reserved 1048576K
}
Event: 517.259 GC heap after
{Heap after GC invocations=532 (full 377):
 PSYoungGen      total 48128K, used 28160K [0x00000000f5580000, 0x00000000f9980000, 0x0000000100000000)
  eden space 28160K, 100% used [0x00000000f5580000,0x00000000f7100000,0x00000000f7100000)
  from space 19968K, 0% used [0x00000000f8480000,0x00000000f8480000,0x00000000f9800000)
  to   space 19968K, 0% used [0x00000000f7100000,0x00000000f7100000,0x00000000f8480000)
 ParOldGen       total 349696K, used 349695K [0x00000000e0000000, 0x00000000f5580000, 0x00000000f5580000)
  object space 349696K, 99% used [0x00000000e0000000,0x00000000f557fed8,0x00000000f5580000)
 Metaspace       used 61825K, committed 62976K, reserved 1105920K
  class space    used 5957K, committed 6400K, reserved 1048576K
}
Event: 517.259 GC heap before
{Heap before GC invocations=533 (full 378):
 PSYoungGen      total 48128K, used 28160K [0x00000000f5580000, 0x00000000f9980000, 0x0000000100000000)
  eden space 28160K, 100% used [0x00000000f5580000,0x00000000f7100000,0x00000000f7100000)
  from space 19968K, 0% used [0x00000000f8480000,0x00000000f8480000,0x00000000f9800000)
  to   space 19968K, 0% used [0x00000000f7100000,0x00000000f7100000,0x00000000f8480000)
 ParOldGen       total 349696K, used 349695K [0x00000000e0000000, 0x00000000f5580000, 0x00000000f5580000)
  object space 349696K, 99% used [0x00000000e0000000,0x00000000f557fed8,0x00000000f5580000)
 Metaspace       used 61825K, committed 62976K, reserved 1105920K
  class space    used 5957K, committed 6400K, reserved 1048576K
}
Event: 518.519 GC heap after
{Heap after GC invocations=533 (full 378):
 PSYoungGen      total 48128K, used 28160K [0x00000000f5580000, 0x00000000f9980000, 0x0000000100000000)
  eden space 28160K, 100% used [0x00000000f5580000,0x00000000f7100000,0x00000000f7100000)
  from space 19968K, 0% used [0x00000000f7100000,0x00000000f7100000,0x00000000f8480000)
  to   space 19968K, 0% used [0x00000000f8480000,0x00000000f8480000,0x00000000f9800000)
 ParOldGen       total 349696K, used 349695K [0x00000000e0000000, 0x00000000f5580000, 0x00000000f5580000)
  object space 349696K, 99% used [0x00000000e0000000,0x00000000f557fed8,0x00000000f5580000)
 Metaspace       used 61825K, committed 62976K, reserved 1105920K
  class space    used 5957K, committed 6400K, reserved 1048576K
}
Event: 518.520 GC heap before
{Heap before GC invocations=534 (full 379):
 PSYoungGen      total 48128K, used 28160K [0x00000000f5580000, 0x00000000f9980000, 0x0000000100000000)
  eden space 28160K, 100% used [0x00000000f5580000,0x00000000f7100000,0x00000000f7100000)
  from space 19968K, 0% used [0x00000000f7100000,0x00000000f7100000,0x00000000f8480000)
  to   space 19968K, 0% used [0x00000000f8480000,0x00000000f8480000,0x00000000f9800000)
 ParOldGen       total 349696K, used 349695K [0x00000000e0000000, 0x00000000f5580000, 0x00000000f5580000)
  object space 349696K, 99% used [0x00000000e0000000,0x00000000f557fff8,0x00000000f5580000)
 Metaspace       used 61825K, committed 62976K, reserved 1105920K
  class space    used 5957K, committed 6400K, reserved 1048576K
}
Event: 519.892 GC heap after
{Heap after GC invocations=534 (full 379):
 PSYoungGen      total 48128K, used 28159K [0x00000000f5580000, 0x00000000f9980000, 0x0000000100000000)
  eden space 28160K, 99% used [0x00000000f5580000,0x00000000f70ffe88,0x00000000f7100000)
  from space 19968K, 0% used [0x00000000f8480000,0x00000000f8480000,0x00000000f9800000)
  to   space 19968K, 0% used [0x00000000f7100000,0x00000000f7100000,0x00000000f8480000)
 ParOldGen       total 349696K, used 349692K [0x00000000e0000000, 0x00000000f5580000, 0x00000000f5580000)
  object space 349696K, 99% used [0x00000000e0000000,0x00000000f557f0b0,0x00000000f5580000)
 Metaspace       used 61825K, committed 62976K, reserved 1105920K
  class space    used 5957K, committed 6400K, reserved 1048576K
}

