# JRE version: OpenJDK Runtime Environment GraalVM CE 22.3.0 (17.0.5+8) (build 17.0.5+8-jvmci-22.3-b08)
# Java VM: OpenJDK 64-Bit Server VM GraalVM CE 22.3.0 (17.0.5+8-jvmci-22.3-b08, mixed mode, sharing, tiered, jvmci, jvmci compiler, compressed oops, compressed class ptrs, parallel gc, linux-amd64)
GC Precious Log:
 CPUs: 8 total, 1 available
 Memory: 1024M
 Large Page Support: Disabled
 NUMA Support: Disabled
 Compressed Oops: Enabled (32-bit)
 Alignments: Space 512K, Generation 512K, Heap 2M
 Heap Min Capacity: 100M
 Heap Initial Capacity: 100M
 Heap Max Capacity: 512M
 Pre-touch: Disabled
 Parallel Workers: 1
Heap:
 PSYoungGen      total 52736K, used 38399K [0x00000000f5580000, 0x00000000fbf00000, 0x0000000100000000)
  eden space 38400K, 99% used [0x00000000f5580000,0x00000000f7affff8,0x00000000f7b00000)
  from space 14336K, 0% used [0x00000000f7b00000,0x00000000f7b00000,0x00000000f8900000)
  to   space 31744K, 0% used [0x00000000fa000000,0x00000000fa000000,0x00000000fbf00000)
 ParOldGen       total 349696K, used 349694K [0x00000000e0000000, 0x00000000f5580000, 0x00000000f5580000)
  object space 349696K, 99% used [0x00000000e0000000,0x00000000f557fb40,0x00000000f5580000)
 Metaspace       used 62542K, committed 63744K, reserved 1114112K
  class space    used 6202K, committed 6720K, reserved 1048576K
GC Heap History (20 events):
Event: 574.929 GC heap before
{Heap before GC invocations=528 (full 410):
 PSYoungGen      total 52736K, used 38400K [0x00000000f5580000, 0x00000000fbf00000, 0x0000000100000000)
  eden space 38400K, 100% used [0x00000000f5580000,0x00000000f7b00000,0x00000000f7b00000)
  from space 14336K, 0% used [0x00000000f7b00000,0x00000000f7b00000,0x00000000f8900000)
  to   space 31744K, 0% used [0x00000000fa000000,0x00000000fa000000,0x00000000fbf00000)
 ParOldGen       total 349696K, used 349688K [0x00000000e0000000, 0x00000000f5580000, 0x00000000f5580000)
  object space 349696K, 99% used [0x00000000e0000000,0x00000000f557e138,0x00000000f5580000)
 Metaspace       used 62542K, committed 63744K, reserved 1114112K
  class space    used 6202K, committed 6720K, reserved 1048576K
}
Event: 576.210 GC heap after
{Heap after GC invocations=528 (full 410):
 PSYoungGen      total 70144K, used 38399K [0x00000000f5580000, 0x00000000fbf00000, 0x0000000100000000)
  eden space 38400K, 99% used [0x00000000f5580000,0x00000000f7afffe0,0x00000000f7b00000)
  from space 31744K, 0% used [0x00000000fa000000,0x00000000fa000000,0x00000000fbf00000)
  to   space 14336K, 0% used [0x00000000f7b00000,0x00000000f7b00000,0x00000000f8900000)
 ParOldGen       total 349696K, used 349688K [0x00000000e0000000, 0x00000000f5580000, 0x00000000f5580000)
  object space 349696K, 99% used [0x00000000e0000000,0x00000000f557e138,0x00000000f5580000)
 Metaspace       used 62542K, committed 63744K, reserved 1114112K
  class space    used 6202K, committed 6720K, reserved 1048576K
}
Event: 576.210 GC heap before
{Heap before GC invocations=529 (full 411):
 PSYoungGen      total 70144K, used 38400K [0x00000000f5580000, 0x00000000fbf00000, 0x0000000100000000)
  eden space 38400K, 100% used [0x00000000f5580000,0x00000000f7b00000,0x00000000f7b00000)
  from space 31744K, 0% used [0x00000000fa000000,0x00000000fa000000,0x00000000fbf00000)
  to   space 14336K, 0% used [0x00000000f7b00000,0x00000000f7b00000,0x00000000f8900000)
 ParOldGen       total 349696K, used 349688K [0x00000000e0000000, 0x00000000f5580000, 0x00000000f5580000)
  object space 349696K, 99% used [0x00000000e0000000,0x00000000f557e138,0x00000000f5580000)
 Metaspace       used 62542K, committed 63744K, reserved 1114112K
  class space    used 6202K, committed 6720K, reserved 1048576K
}
Event: 577.501 GC heap after
{Heap after GC invocations=529 (full 411):
 PSYoungGen      total 52736K, used 38399K [0x00000000f5580000, 0x00000000fbf00000, 0x0000000100000000)
  eden space 38400K, 99% used [0x00000000f5580000,0x00000000f7afffe0,0x00000000f7b00000)
  from space 14336K, 0% used [0x00000000f7b00000,0x00000000f7b00000,0x00000000f8900000)
  to   space 31744K, 0% used [0x00000000fa000000,0x00000000fa000000,0x00000000fbf00000)
 ParOldGen       total 349696K, used 349688K [0x00000000e0000000, 0x00000000f5580000, 0x00000000f5580000)
  object space 349696K, 99% used [0x00000000e0000000,0x00000000f557e138,0x00000000f5580000)
 Metaspace       used 62542K, committed 63744K, reserved 1114112K
  class space    used 6202K, committed 6720K, reserved 1048576K
}
Event: 577.502 GC heap before
{Heap before GC invocations=530 (full 412):
 PSYoungGen      total 52736K, used 38400K [0x00000000f5580000, 0x00000000fbf00000, 0x0000000100000000)
  eden space 38400K, 100% used [0x00000000f5580000,0x00000000f7b00000,0x00000000f7b00000)
  from space 14336K, 0% used [0x00000000f7b00000,0x00000000f7b00000,0x00000000f8900000)
  to   space 31744K, 0% used [0x00000000fa000000,0x00000000fa000000,0x00000000fbf00000)
 ParOldGen       total 349696K, used 349688K [0x00000000e0000000, 0x00000000f5580000, 0x00000000f5580000)
  object space 349696K, 99% used [0x00000000e0000000,0x00000000f557e138,0x00000000f5580000)
 Metaspace       used 62542K, committed 63744K, reserved 1114112K
  class space    used 6202K, committed 6720K, reserved 1048576K
}
Event: 578.700 GC heap after
{Heap after GC invocations=530 (full 412):
 PSYoungGen      total 70144K, used 38399K [0x00000000f5580000, 0x00000000fbf00000, 0x0000000100000000)
  eden space 38400K, 99% used [0x00000000f5580000,0x00000000f7affff0,0x00000000f7b00000)
  from space 31744K, 0% used [0x00000000fa000000,0x00000000fa000000,0x00000000fbf00000)
  to   space 14336K, 0% used [0x00000000f7b00000,0x00000000f7b00000,0x00000000f8900000)
 ParOldGen       total 349696K, used 349688K [0x00000000e0000000, 0x00000000f5580000, 0x00000000f5580000)
  object space 349696K, 99% used [0x00000000e0000000,0x00000000f557e138,0x00000000f5580000)
 Metaspace       used 62542K, committed 63744K, reserved 1114112K
  class space    used 6202K, committed 6720K, reserved 1048576K
}
Event: 578.700 GC heap before
{Heap before GC invocations=531 (full 413):
 PSYoungGen      total 70144K, used 38400K [0x00000000f5580000, 0x00000000fbf00000, 0x0000000100000000)
  eden space 38400K, 100% used [0x00000000f5580000,0x00000000f7b00000,0x00000000f7b00000)
  from space 31744K, 0% used [0x00000000fa000000,0x00000000fa000000,0x00000000fbf00000)
  to   space 14336K, 0% used [0x00000000f7b00000,0x00000000f7b00000,0x00000000f8900000)
 ParOldGen       total 349696K, used 349690K [0x00000000e0000000, 0x00000000f5580000, 0x00000000f5580000)
  object space 349696K, 99% used [0x00000000e0000000,0x00000000f557e9a0,0x00000000f5580000)
 Metaspace       used 62542K, committed 63744K, reserved 1114112K
  class space    used 6202K, committed 6720K, reserved 1048576K
}
Event: 579.911 GC heap after
{Heap after GC invocations=531 (full 413):
 PSYoungGen      total 52736K, used 38399K [0x00000000f5580000, 0x00000000fbf00000, 0x0000000100000000)
  eden space 38400K, 99% used [0x00000000f5580000,0x00000000f7afffe0,0x00000000f7b00000)
  from space 14336K, 0% used [0x00000000f7b00000,0x00000000f7b00000,0x00000000f8900000)
  to   space 31744K, 0% used [0x00000000fa000000,0x00000000fa000000,0x00000000fbf00000)
 ParOldGen       total 349696K, used 349688K [0x00000000e0000000, 0x00000000f5580000, 0x00000000f5580000)
  object space 349696K, 99% used [0x00000000e0000000,0x00000000f557e108,0x00000000f5580000)
 Metaspace       used 62542K, committed 63744K, reserved 1114112K
  class space    used 6202K, committed 6720K, reserved 1048576K
}
Event: 579.912 GC heap before
{Heap before GC invocations=532 (full 414):
 PSYoungGen      total 52736K, used 38399K [0x00000000f5580000, 0x00000000fbf00000, 0x0000000100000000)
  eden space 38400K, 99% used [0x00000000f5580000,0x00000000f7affff8,0x00000000f7b00000)
  from space 14336K, 0% used [0x00000000f7b00000,0x00000000f7b00000,0x00000000f8900000)
  to   space 31744K, 0% used [0x00000000fa000000,0x00000000fa000000,0x00000000fbf00000)
 ParOldGen       total 349696K, used 349688K [0x00000000e0000000, 0x00000000f5580000, 0x00000000f5580000)
  object space 349696K, 99% used [0x00000000e0000000,0x00000000f557e108,0x00000000f5580000)
 Metaspace       used 62542K, committed 63744K, reserved 1114112K
  class space    used 6202K, committed 6720K, reserved 1048576K
}
Event: 581.105 GC heap after
{Heap after GC invocations=532 (full 414):
 PSYoungGen      total 70144K, used 38399K [0x00000000f5580000, 0x00000000fbf00000, 0x0000000100000000)
  eden space 38400K, 99% used [0x00000000f5580000,0x00000000f7affff8,0x00000000f7b00000)
  from space 31744K, 0% used [0x00000000fa000000,0x00000000fa000000,0x00000000fbf00000)
  to   space 14336K, 0% used [0x00000000f7b00000,0x00000000f7b00000,0x00000000f8900000)
 ParOldGen       total 349696K, used 349688K [0x00000000e0000000, 0x00000000f5580000, 0x00000000f5580000)
  object space 349696K, 99% used [0x00000000e0000000,0x00000000f557e108,0x00000000f5580000)
 Metaspace       used 62542K, committed 63744K, reserved 1114112K
  class space    used 6202K, committed 6720K, reserved 1048576K
}
Event: 581.105 GC heap before
{Heap before GC invocations=533 (full 415):
 PSYoungGen      total 70144K, used 38399K [0x00000000f5580000, 0x00000000fbf00000, 0x0000000100000000)
  eden space 38400K, 99% used [0x00000000f5580000,0x00000000f7affff8,0x00000000f7b00000)
  from space 31744K, 0% used [0x00000000fa000000,0x00000000fa000000,0x00000000fbf00000)
  to   space 14336K, 0% used [0x00000000f7b00000,0x00000000f7b00000,0x00000000f8900000)
 ParOldGen       total 349696K, used 349690K [0x00000000e0000000, 0x00000000f5580000, 0x00000000f5580000)
  object space 349696K, 99% used [0x00000000e0000000,0x00000000f557e9d8,0x00000000f5580000)
 Metaspace       used 62542K, committed 63744K, reserved 1114112K
  class space    used 6202K, committed 6720K, reserved 1048576K
}
Event: 582.215 GC heap after
{Heap after GC invocations=533 (full 415):
 PSYoungGen      total 52736K, used 38399K [0x00000000f5580000, 0x00000000fbf00000, 0x0000000100000000)
  eden space 38400K, 99% used [0x00000000f5580000,0x00000000f7afffe0,0x00000000f7b00000)
  from space 14336K, 0% used [0x00000000f7b00000,0x00000000f7b00000,0x00000000f8900000)
  to   space 31744K, 0% used [0x00000000fa000000,0x00000000fa000000,0x00000000fbf00000)
 ParOldGen       total 349696K, used 349688K [0x00000000e0000000, 0x00000000f5580000, 0x00000000f5580000)
  object space 349696K, 99% used [0x00000000e0000000,0x00000000f557e180,0x00000000f5580000)
 Metaspace       used 62542K, committed 63744K, reserved 1114112K
  class space    used 6202K, committed 6720K, reserved 1048576K
}
Event: 582.215 GC heap before
{Heap before GC invocations=534 (full 416):
 PSYoungGen      total 52736K, used 38399K [0x00000000f5580000, 0x00000000fbf00000, 0x0000000100000000)
  eden space 38400K, 99% used [0x00000000f5580000,0x00000000f7affff8,0x00000000f7b00000)
  from space 14336K, 0% used [0x00000000f7b00000,0x00000000f7b00000,0x00000000f8900000)
  to   space 31744K, 0% used [0x00000000fa000000,0x00000000fa000000,0x00000000fbf00000)
 ParOldGen       total 349696K, used 349690K [0x00000000e0000000, 0x00000000f5580000, 0x00000000f5580000)
  object space 349696K, 99% used [0x00000000e0000000,0x00000000f557e940,0x00000000f5580000)
 Metaspace       used 62542K, committed 63744K, reserved 1114112K
  class space    used 6202K, committed 6720K, reserved 1048576K
}
Event: 583.428 GC heap after
{Heap after GC invocations=534 (full 416):
 PSYoungGen      total 70144K, used 38399K [0x00000000f5580000, 0x00000000fbf00000, 0x0000000100000000)
  eden space 38400K, 99% used [0x00000000f5580000,0x00000000f7affff8,0x00000000f7b00000)
  from space 31744K, 0% used [0x00000000fa000000,0x00000000fa000000,0x00000000fbf00000)
  to   space 14336K, 0% used [0x00000000f7b00000,0x00000000f7b00000,0x00000000f8900000)
 ParOldGen       total 349696K, used 349689K [0x00000000e0000000, 0x00000000f5580000, 0x00000000f5580000)
  object space 349696K, 99% used [0x00000000e0000000,0x00000000f557e4c8,0x00000000f5580000)
 Metaspace       used 62542K, committed 63744K, reserved 1114112K
  class space    used 6202K, committed 6720K, reserved 1048576K
}
Event: 583.429 GC heap before
{Heap before GC invocations=535 (full 417):
 PSYoungGen      total 70144K, used 38399K [0x00000000f5580000, 0x00000000fbf00000, 0x0000000100000000)
  eden space 38400K, 99% used [0x00000000f5580000,0x00000000f7affff8,0x00000000f7b00000)
  from space 31744K, 0% used [0x00000000fa000000,0x00000000fa000000,0x00000000fbf00000)
  to   space 14336K, 0% used [0x00000000f7b00000,0x00000000f7b00000,0x00000000f8900000)
 ParOldGen       total 349696K, used 349694K [0x00000000e0000000, 0x00000000f5580000, 0x00000000f5580000)
  object space 349696K, 99% used [0x00000000e0000000,0x00000000f557fb00,0x00000000f5580000)
 Metaspace       used 62542K, committed 63744K, reserved 1114112K
  class space    used 6202K, committed 6720K, reserved 1048576K
}
Event: 584.723 GC heap after
{Heap after GC invocations=535 (full 417):
 PSYoungGen      total 52736K, used 38399K [0x00000000f5580000, 0x00000000fbf00000, 0x0000000100000000)
  eden space 38400K, 99% used [0x00000000f5580000,0x00000000f7affff8,0x00000000f7b00000)
  from space 14336K, 0% used [0x00000000f7b00000,0x00000000f7b00000,0x00000000f8900000)
  to   space 31744K, 0% used [0x00000000fa000000,0x00000000fa000000,0x00000000fbf00000)
 ParOldGen       total 349696K, used 349693K [0x00000000e0000000, 0x00000000f5580000, 0x00000000f5580000)
  object space 349696K, 99% used [0x00000000e0000000,0x00000000f557f570,0x00000000f5580000)
 Metaspace       used 62542K, committed 63744K, reserved 1114112K
  class space    used 6202K, committed 6720K, reserved 1048576K
}
Event: 584.723 GC heap before
{Heap before GC invocations=536 (full 418):
 PSYoungGen      total 52736K, used 38399K [0x00000000f5580000, 0x00000000fbf00000, 0x0000000100000000)
  eden space 38400K, 99% used [0x00000000f5580000,0x00000000f7affff8,0x00000000f7b00000)
  from space 14336K, 0% used [0x00000000f7b00000,0x00000000f7b00000,0x00000000f8900000)
  to   space 31744K, 0% used [0x00000000fa000000,0x00000000fa000000,0x00000000fbf00000)
 ParOldGen       total 349696K, used 349693K [0x00000000e0000000, 0x00000000f5580000, 0x00000000f5580000)
  object space 349696K, 99% used [0x00000000e0000000,0x00000000f557f7a0,0x00000000f5580000)
 Metaspace       used 62542K, committed 63744K, reserved 1114112K
  class space    used 6202K, committed 6720K, reserved 1048576K
}
Event: 585.952 GC heap after
{Heap after GC invocations=536 (full 418):
 PSYoungGen      total 70144K, used 38399K [0x00000000f5580000, 0x00000000fbf00000, 0x0000000100000000)
  eden space 38400K, 99% used [0x00000000f5580000,0x00000000f7affff8,0x00000000f7b00000)
  from space 31744K, 0% used [0x00000000fa000000,0x00000000fa000000,0x00000000fbf00000)
  to   space 14336K, 0% used [0x00000000f7b00000,0x00000000f7b00000,0x00000000f8900000)
 ParOldGen       total 349696K, used 349693K [0x00000000e0000000, 0x00000000f5580000, 0x00000000f5580000)
  object space 349696K, 99% used [0x00000000e0000000,0x00000000f557f570,0x00000000f5580000)
 Metaspace       used 62542K, committed 63744K, reserved 1114112K
  class space    used 6202K, committed 6720K, reserved 1048576K
}
Event: 585.952 GC heap before
{Heap before GC invocations=537 (full 419):
 PSYoungGen      total 70144K, used 38399K [0x00000000f5580000, 0x00000000fbf00000, 0x0000000100000000)
  eden space 38400K, 99% used [0x00000000f5580000,0x00000000f7affff8,0x00000000f7b00000)
  from space 31744K, 0% used [0x00000000fa000000,0x00000000fa000000,0x00000000fbf00000)
  to   space 14336K, 0% used [0x00000000f7b00000,0x00000000f7b00000,0x00000000f8900000)
 ParOldGen       total 349696K, used 349693K [0x00000000e0000000, 0x00000000f5580000, 0x00000000f5580000)
  object space 349696K, 99% used [0x00000000e0000000,0x00000000f557f570,0x00000000f5580000)
 Metaspace       used 62542K, committed 63744K, reserved 1114112K
  class space    used 6202K, committed 6720K, reserved 1048576K
}
Event: 587.196 GC heap after
{Heap after GC invocations=537 (full 419):
 PSYoungGen      total 52736K, used 38399K [0x00000000f5580000, 0x00000000fbf00000, 0x0000000100000000)
  eden space 38400K, 99% used [0x00000000f5580000,0x00000000f7afff80,0x00000000f7b00000)
  from space 14336K, 0% used [0x00000000f7b00000,0x00000000f7b00000,0x00000000f8900000)
  to   space 31744K, 0% used [0x00000000fa000000,0x00000000fa000000,0x00000000fbf00000)
 ParOldGen       total 349696K, used 349693K [0x00000000e0000000, 0x00000000f5580000, 0x00000000f5580000)
  object space 349696K, 99% used [0x00000000e0000000,0x00000000f557f488,0x00000000f5580000)
 Metaspace       used 62542K, committed 63744K, reserved 1114112K
  class space    used 6202K, committed 6720K, reserved 1048576K
}

